<?xml version="1.0" encoding="UTF-8"?>
<!-- Generated by org.testng.reporters.JUnitReportReporter -->
<testsuite skipped="0" hostname="HemanthBS" name="Sample.Sample1" tests="1" failures="0" timestamp="2022-05-29T11:36:36 IST" time="0.022" errors="0">
  <testcase name="test" time="0.022" classname="Sample.Sample1"/>
  <system-out/>
</testsuite> <!-- Sample.Sample1 -->
